\BOOKMARK [0][-]{chapter.1}{\376\377\000A\000b\000o\000u\000t}{}% 1
\BOOKMARK [0][-]{chapter.2}{\376\377\000I\000n\000s\000t\000a\000l\000l\000a\000t\000i\000o\000n}{}% 2
\BOOKMARK [1][-]{section.2.1}{\376\377\000T\000o\000\040\000i\000n\000s\000t\000a\000l\000l\000\040\000m\000y\000f\000e\000m\000p\000y\000\040\000m\000a\000n\000u\000a\000l\000l\000y\000\040\000i\000n\000\040\000y\000o\000u\000r\000\040\000d\000i\000r\000e\000c\000t\000o\000r\000y\000,\000\040\000f\000o\000l\000l\000o\000w\000i\000n\000g\000\040\000t\000h\000e\000\040\000s\000t\000e\000p\000s}{chapter.2}% 3
\BOOKMARK [0][-]{chapter.3}{\376\377\000D\000e\000p\000e\000n\000d\000e\000n\000c\000i\000e\000s}{}% 4
\BOOKMARK [1][-]{section.3.1}{\376\377\000I\000n\000s\000t\000a\000l\000l\000a\000t\000i\000o\000n\000\040\000p\000r\000e\000r\000e\000q\000u\000i\000s\000i\000t\000e\000s\000,\000\040\000r\000e\000q\000u\000i\000r\000e\000d\000\040\000t\000o\000\040\000b\000u\000i\000l\000d\000\040\000m\000y\000f\000e\000m\000p\000y}{chapter.3}% 5
\BOOKMARK [1][-]{section.3.2}{\376\377\000P\000y\000t\000h\000o\000n\000\040\000p\000a\000c\000k\000a\000g\000e\000s\000\040\000r\000e\000q\000u\000i\000r\000e\000d\000\040\000f\000o\000r\000\040\000u\000s\000i\000n\000g\000\040\000m\000y\000f\000e\000m\000p\000y}{chapter.3}% 6
\BOOKMARK [2][-]{subsection.3.2.1}{\376\377\000O\000u\000t\000h\000e\000r\000s\000\040\000p\000r\000e\000r\000e\000q\000u\000i\000s\000i\000t\000e\000s}{section.3.2}% 7
\BOOKMARK [0][-]{chapter.4}{\376\377\000T\000u\000t\000o\000r\000i\000a\000l}{}% 8
\BOOKMARK [0][-]{chapter.5}{\376\377\000D\000o\000c\000u\000m\000e\000n\000t\000a\000t\000i\000o\000n}{}% 9
\BOOKMARK [0][-]{chapter.6}{\376\377\000R\000e\000l\000e\000a\000s\000e}{}% 10
\BOOKMARK [0][-]{chapter.7}{\376\377\000F\000e\000a\000t\000u\000r\000e\000s}{}% 11
\BOOKMARK [0][-]{chapter.8}{\376\377\000L\000i\000c\000e\000n\000s\000e}{}% 12
\BOOKMARK [0][-]{chapter.9}{\376\377\000C\000i\000t\000i\000n\000g}{}% 13
\BOOKMARK [0][-]{chapter.10}{\376\377\000R\000e\000f\000e\000r\000e\000n\000c\000e\000s}{}% 14
\BOOKMARK [0][-]{chapter.11}{\376\377\000C\000h\000a\000n\000g\000e\000l\000o\000g}{}% 15
\BOOKMARK [0][-]{chapter.12}{\376\377\000P\000r\000o\000j\000e\000c\000t\000\040\000t\000r\000e\000e\000\040\000s\000t\000r\000u\000c\000t\000u\000r\000e}{}% 16
\BOOKMARK [1][-]{section.12.1}{\376\377\000B\000a\000s\000i\000c\000\040\000T\000u\000t\000o\000r\000i\000a\000l}{chapter.12}% 17
\BOOKMARK [1][-]{section.12.2}{\376\377\000D\000o\000c\000u\000m\000e\000n\000t\000a\000t\000i\000o\000n}{chapter.12}% 18
\BOOKMARK [2][-]{subsection.12.2.1}{\376\377\000I\000n\000t\000r\000o\000d\000u\000c\000t\000i\000o\000n}{section.12.2}% 19
\BOOKMARK [2][-]{subsection.12.2.2}{\376\377\000I\000n\000s\000t\000a\000l\000l\000a\000t\000i\000o\000n}{section.12.2}% 20
\BOOKMARK [2][-]{subsection.12.2.3}{\376\377\000U\000s\000e\000r\040\031\000s\000\040\000G\000u\000i\000d\000e}{section.12.2}% 21
\BOOKMARK [3][-]{subsubsection*.3}{\376\377\000I\000n\000p\000u\000t\000s\000\040\000S\000e\000t\000t\000i\000n\000g}{subsection.12.2.3}% 22
\BOOKMARK [4][-]{paragraph*.4}{\376\377\000P\000r\000e\000-\000P\000r\000o\000c\000e\000s\000s}{subsubsection*.3}% 23
\BOOKMARK [5][-]{subparagraph*.5}{\376\377\000M\000o\000d\000e\000l\000\040\000S\000e\000t\000t\000i\000n\000g}{paragraph*.4}% 24
\BOOKMARK [5][-]{subparagraph*.6}{\376\377\000M\000e\000s\000h\000\040\000L\000e\000g\000a\000c\000y\000\040\000o\000p\000t\000i\000o\000n\000s}{paragraph*.4}% 25
\BOOKMARK [5][-]{subparagraph*.7}{\376\377\000G\000m\000s\000h\000\040\000M\000e\000s\000h\000\040\000o\000p\000t\000i\000o\000n\000s}{paragraph*.4}% 26
\BOOKMARK [4][-]{paragraph*.8}{\376\377\000P\000r\000e\000v\000i\000e\000w\000\040\000a\000n\000a\000l\000y\000s\000i\000s}{subsubsection*.3}% 27
\BOOKMARK [4][-]{paragraph*.9}{\376\377\000S\000o\000l\000v\000e\000r\000\040\000S\000e\000t}{subsubsection*.3}% 28
\BOOKMARK [4][-]{paragraph*.10}{\376\377\000P\000o\000s\000t\000-\000P\000r\000o\000c\000e\000s\000s\000\040\000V\000i\000e\000w}{subsubsection*.3}% 29
\BOOKMARK [4][-]{paragraph*.11}{\376\377\000A\000p\000p\000e\000n\000d\000i\000x}{subsubsection*.3}% 30
\BOOKMARK [5][-]{subparagraph*.12}{\376\377\000T\000a\000b\000l\000e\000\040\0001\000\040\000M\000e\000s\000h\000\040\000l\000i\000s\000t}{paragraph*.11}% 31
\BOOKMARK [5][-]{subparagraph*.13}{\376\377\000T\000a\000b\000l\000e\000\040\0002\000\040\000E\000l\000e\000m\000e\000n\000t\000s\000\040\000L\000i\000s\000t}{paragraph*.11}% 32
\BOOKMARK [5][-]{subparagraph*.14}{\376\377\000T\000a\000b\000l\000e\000\040\0003\000\040\000C\000o\000n\000s\000i\000s\000t\000e\000n\000t\000\040\000U\000n\000i\000t\000s}{paragraph*.11}% 33
\BOOKMARK [5][-]{subparagraph*.15}{\376\377\000A\000x\000i\000s\000\040\000D\000i\000r\000e\000t\000i\000o\000n\000s}{paragraph*.11}% 34
\BOOKMARK [5][-]{subparagraph*.16}{\376\377\000C\000r\000o\000s\000s\000\040\000S\000e\000c\000t\000i\000o\000n\000\040\000D\000i\000m\000e\000n\000s\000i\000o\000n\000s}{paragraph*.11}% 35
\BOOKMARK [5][-]{subparagraph*.17}{\376\377\000T\000a\000g\000\040\000L\000e\000g\000e\000n\000d\000s}{paragraph*.11}% 36
\BOOKMARK [2][-]{subsection.12.2.4}{\376\377\000E\000x\000a\000m\000p\000l\000e\000s}{section.12.2}% 37
\BOOKMARK [2][-]{subsection.12.2.5}{\376\377\000T\000h\000e\000o\000r\000y\000\040\000B\000a\000s\000i\000c}{section.12.2}% 38
\BOOKMARK [2][-]{subsection.12.2.6}{\376\377\000m\000y\000f\000e\000m\000p\000y}{section.12.2}% 39
\BOOKMARK [3][-]{subsubsection*.18}{\376\377\000m\000y\000f\000e\000m\000p\000y\000\040\000p\000a\000c\000k\000a\000g\000e}{subsection.12.2.6}% 40
\BOOKMARK [4][-]{paragraph*.19}{\376\377\000S\000u\000b\000m\000o\000d\000u\000l\000e\000s}{subsubsection*.18}% 41
\BOOKMARK [5][-]{subparagraph*.20}{\376\377\000m\000y\000f\000e\000m\000p\000y\000.\000c\000o\000r\000e\000\040\000p\000a\000c\000k\000a\000g\000e}{paragraph*.19}% 42
\BOOKMARK [5][-]{subparagraph*.21}{\376\377\000S\000u\000b\000m\000o\000d\000u\000l\000e\000s}{paragraph*.19}% 43
\BOOKMARK [5][-]{subparagraph*.22}{\376\377\000m\000y\000f\000e\000m\000p\000y\000.\000c\000o\000r\000e\000.\000a\000s\000s\000e\000m\000b\000l\000e\000r\000\040\000m\000o\000d\000u\000l\000e}{paragraph*.19}% 44
\BOOKMARK [5][-]{subparagraph*.26}{\376\377\000m\000y\000f\000e\000m\000p\000y\000.\000c\000o\000r\000e\000.\000s\000o\000l\000v\000e\000r\000\040\000m\000o\000d\000u\000l\000e}{paragraph*.19}% 45
\BOOKMARK [5][-]{subparagraph*.30}{\376\377\000m\000y\000f\000e\000m\000p\000y\000.\000c\000o\000r\000e\000.\000s\000o\000l\000v\000e\000r\000s\000e\000t\000\040\000m\000o\000d\000u\000l\000e}{paragraph*.19}% 46
\BOOKMARK [5][-]{subparagraph*.34}{\376\377\000m\000y\000f\000e\000m\000p\000y\000.\000c\000o\000r\000e\000.\000s\000t\000a\000t\000i\000c\000l\000i\000n\000e\000a\000r\000\040\000m\000o\000d\000u\000l\000e}{paragraph*.19}% 47
\BOOKMARK [5][-]{subparagraph*.38}{\376\377\000m\000y\000f\000e\000m\000p\000y\000.\000c\000o\000r\000e\000.\000v\000i\000b\000r\000a\000l\000i\000n\000e\000a\000r\000\040\000m\000o\000d\000u\000l\000e}{paragraph*.19}% 48
\BOOKMARK [5][-]{subparagraph*.41}{\376\377\000M\000o\000d\000u\000l\000e\000\040\000c\000o\000n\000t\000e\000n\000t\000s}{paragraph*.19}% 49
\BOOKMARK [5][-]{subparagraph*.42}{\376\377\000m\000y\000f\000e\000m\000p\000y\000.\000f\000e\000l\000i\000b\000\040\000p\000a\000c\000k\000a\000g\000e}{paragraph*.19}% 50
\BOOKMARK [5][-]{subparagraph*.43}{\376\377\000S\000u\000b\000p\000a\000c\000k\000a\000g\000e\000s}{paragraph*.19}% 51
\BOOKMARK [5][-]{subparagraph*.44}{\376\377\000m\000y\000f\000e\000m\000p\000y\000.\000f\000e\000l\000i\000b\000.\000f\000l\000u\000i\000d\000\040\000p\000a\000c\000k\000a\000g\000e}{paragraph*.19}% 52
\BOOKMARK [5][-]{subparagraph*.45}{\376\377\000M\000o\000d\000u\000l\000e\000\040\000c\000o\000n\000t\000e\000n\000t\000s}{paragraph*.19}% 53
\BOOKMARK [5][-]{subparagraph*.46}{\376\377\000m\000y\000f\000e\000m\000p\000y\000.\000f\000e\000l\000i\000b\000.\000f\000s\000i\000\040\000p\000a\000c\000k\000a\000g\000e}{paragraph*.19}% 54
\BOOKMARK [5][-]{subparagraph*.47}{\376\377\000M\000o\000d\000u\000l\000e\000\040\000c\000o\000n\000t\000e\000n\000t\000s}{paragraph*.19}% 55
\BOOKMARK [5][-]{subparagraph*.48}{\376\377\000m\000y\000f\000e\000m\000p\000y\000.\000f\000e\000l\000i\000b\000.\000m\000a\000t\000e\000r\000i\000a\000l\000s\000\040\000p\000a\000c\000k\000a\000g\000e}{paragraph*.19}% 56
\BOOKMARK [5][-]{subparagraph*.49}{\376\377\000S\000u\000b\000m\000o\000d\000u\000l\000e\000s}{paragraph*.19}% 57
\BOOKMARK [5][-]{subparagraph*.50}{\376\377\000m\000y\000f\000e\000m\000p\000y\000.\000f\000e\000l\000i\000b\000.\000m\000a\000t\000e\000r\000i\000a\000l\000s\000.\000a\000x\000i\000a\000l\000\040\000m\000o\000d\000u\000l\000e}{paragraph*.19}% 58
\BOOKMARK [5][-]{subparagraph*.56}{\376\377\000m\000y\000f\000e\000m\000p\000y\000.\000f\000e\000l\000i\000b\000.\000m\000a\000t\000e\000r\000i\000a\000l\000s\000.\000l\000u\000m\000p\000e\000d\000\040\000m\000o\000d\000u\000l\000e}{paragraph*.19}% 59
\BOOKMARK [5][-]{subparagraph*.57}{\376\377\000m\000y\000f\000e\000m\000p\000y\000.\000f\000e\000l\000i\000b\000.\000m\000a\000t\000e\000r\000i\000a\000l\000s\000.\000p\000l\000a\000n\000e\000s\000t\000r\000a\000i\000n\000\040\000m\000o\000d\000u\000l\000e}{paragraph*.19}% 60
\BOOKMARK [5][-]{subparagraph*.60}{\376\377\000m\000y\000f\000e\000m\000p\000y\000.\000f\000e\000l\000i\000b\000.\000m\000a\000t\000e\000r\000i\000a\000l\000s\000.\000p\000l\000a\000n\000e\000s\000t\000r\000e\000s\000s\000\040\000m\000o\000d\000u\000l\000e}{paragraph*.19}% 61
\BOOKMARK [5][-]{subparagraph*.66}{\376\377\000m\000y\000f\000e\000m\000p\000y\000.\000f\000e\000l\000i\000b\000.\000m\000a\000t\000e\000r\000i\000a\000l\000s\000.\000p\000l\000a\000t\000e\000\040\000m\000o\000d\000u\000l\000e}{paragraph*.19}% 62
\BOOKMARK [5][-]{subparagraph*.72}{\376\377\000m\000y\000f\000e\000m\000p\000y\000.\000f\000e\000l\000i\000b\000.\000m\000a\000t\000e\000r\000i\000a\000l\000s\000.\000s\000o\000l\000i\000d\000\040\000m\000o\000d\000u\000l\000e}{paragraph*.19}% 63
\BOOKMARK [5][-]{subparagraph*.78}{\376\377\000M\000o\000d\000u\000l\000e\000\040\000c\000o\000n\000t\000e\000n\000t\000s}{paragraph*.19}% 64
\BOOKMARK [5][-]{subparagraph*.79}{\376\377\000m\000y\000f\000e\000m\000p\000y\000.\000f\000e\000l\000i\000b\000.\000p\000h\000y\000s\000i\000c\000s\000\040\000p\000a\000c\000k\000a\000g\000e}{paragraph*.19}% 65
\BOOKMARK [5][-]{subparagraph*.80}{\376\377\000S\000u\000b\000m\000o\000d\000u\000l\000e\000s}{paragraph*.19}% 66
\BOOKMARK [5][-]{subparagraph*.81}{\376\377\000m\000y\000f\000e\000m\000p\000y\000.\000f\000e\000l\000i\000b\000.\000p\000h\000y\000s\000i\000c\000s\000.\000f\000o\000r\000c\000e\0002\000n\000o\000d\000e\000\040\000m\000o\000d\000u\000l\000e}{paragraph*.19}% 67
\BOOKMARK [5][-]{subparagraph*.87}{\376\377\000m\000y\000f\000e\000m\000p\000y\000.\000f\000e\000l\000i\000b\000.\000p\000h\000y\000s\000i\000c\000s\000.\000g\000e\000t\000n\000o\000d\000e\000\040\000m\000o\000d\000u\000l\000e}{paragraph*.19}% 68
\BOOKMARK [5][-]{subparagraph*.96}{\376\377\000m\000y\000f\000e\000m\000p\000y\000.\000f\000e\000l\000i\000b\000.\000p\000h\000y\000s\000i\000c\000s\000.\000l\000o\000a\000d\000s\000c\000o\000n\000s\000t\000r\000\040\000m\000o\000d\000u\000l\000e}{paragraph*.19}% 69
\BOOKMARK [5][-]{subparagraph*.99}{\376\377\000M\000o\000d\000u\000l\000e\000\040\000c\000o\000n\000t\000e\000n\000t\000s}{paragraph*.19}% 70
\BOOKMARK [5][-]{subparagraph*.100}{\376\377\000m\000y\000f\000e\000m\000p\000y\000.\000f\000e\000l\000i\000b\000.\000s\000t\000r\000u\000c\000t\000\040\000p\000a\000c\000k\000a\000g\000e}{paragraph*.19}% 71
\BOOKMARK [5][-]{subparagraph*.101}{\376\377\000S\000u\000b\000m\000o\000d\000u\000l\000e\000s}{paragraph*.19}% 72
\BOOKMARK [5][-]{subparagraph*.102}{\376\377\000m\000y\000f\000e\000m\000p\000y\000.\000f\000e\000l\000i\000b\000.\000s\000t\000r\000u\000c\000t\000.\000b\000e\000a\000m\0002\0001\000\040\000m\000o\000d\000u\000l\000e}{paragraph*.19}% 73
\BOOKMARK [5][-]{subparagraph*.111}{\376\377\000m\000y\000f\000e\000m\000p\000y\000.\000f\000e\000l\000i\000b\000.\000s\000t\000r\000u\000c\000t\000.\000f\000r\000a\000m\000e\0002\0001\000\040\000m\000o\000d\000u\000l\000e}{paragraph*.19}% 74
\BOOKMARK [5][-]{subparagraph*.120}{\376\377\000m\000y\000f\000e\000m\000p\000y\000.\000f\000e\000l\000i\000b\000.\000s\000t\000r\000u\000c\000t\000.\000f\000r\000a\000m\000e\0002\0002\000\040\000m\000o\000d\000u\000l\000e}{paragraph*.19}% 75
\BOOKMARK [5][-]{subparagraph*.129}{\376\377\000m\000y\000f\000e\000m\000p\000y\000.\000f\000e\000l\000i\000b\000.\000s\000t\000r\000u\000c\000t\000.\000p\000l\000a\000n\000e\0003\0001\000\040\000m\000o\000d\000u\000l\000e}{paragraph*.19}% 76
\BOOKMARK [5][-]{subparagraph*.137}{\376\377\000m\000y\000f\000e\000m\000p\000y\000.\000f\000e\000l\000i\000b\000.\000s\000t\000r\000u\000c\000t\000.\000p\000l\000a\000n\000e\0004\0001\000\040\000m\000o\000d\000u\000l\000e}{paragraph*.19}% 77
\BOOKMARK [5][-]{subparagraph*.144}{\376\377\000m\000y\000f\000e\000m\000p\000y\000.\000f\000e\000l\000i\000b\000.\000s\000t\000r\000u\000c\000t\000.\000p\000l\000a\000t\000e\0004\0001\000\040\000m\000o\000d\000u\000l\000e}{paragraph*.19}% 78
\BOOKMARK [5][-]{subparagraph*.151}{\376\377\000m\000y\000f\000e\000m\000p\000y\000.\000f\000e\000l\000i\000b\000.\000s\000t\000r\000u\000c\000t\000.\000s\000o\000l\000i\000d\0004\0001\000\040\000m\000o\000d\000u\000l\000e}{paragraph*.19}% 79
\BOOKMARK [5][-]{subparagraph*.158}{\376\377\000m\000y\000f\000e\000m\000p\000y\000.\000f\000e\000l\000i\000b\000.\000s\000t\000r\000u\000c\000t\000.\000s\000o\000l\000i\000d\0008\0001\000\040\000m\000o\000d\000u\000l\000e}{paragraph*.19}% 80
\BOOKMARK [5][-]{subparagraph*.165}{\376\377\000m\000y\000f\000e\000m\000p\000y\000.\000f\000e\000l\000i\000b\000.\000s\000t\000r\000u\000c\000t\000.\000s\000p\000r\000i\000n\000g\0002\0001\000\040\000m\000o\000d\000u\000l\000e}{paragraph*.19}% 81
\BOOKMARK [5][-]{subparagraph*.172}{\376\377\000m\000y\000f\000e\000m\000p\000y\000.\000f\000e\000l\000i\000b\000.\000s\000t\000r\000u\000c\000t\000.\000t\000r\000u\000s\000s\0002\0001\000\040\000m\000o\000d\000u\000l\000e}{paragraph*.19}% 82
\BOOKMARK [5][-]{subparagraph*.179}{\376\377\000M\000o\000d\000u\000l\000e\000\040\000c\000o\000n\000t\000e\000n\000t\000s}{paragraph*.19}% 83
\BOOKMARK [5][-]{subparagraph*.180}{\376\377\000S\000u\000b\000m\000o\000d\000u\000l\000e\000s}{paragraph*.19}% 84
\BOOKMARK [5][-]{subparagraph*.181}{\376\377\000m\000y\000f\000e\000m\000p\000y\000.\000f\000e\000l\000i\000b\000.\000c\000r\000o\000s\000s\000e\000c\000\040\000m\000o\000d\000u\000l\000e}{paragraph*.19}% 85
\BOOKMARK [5][-]{subparagraph*.185}{\376\377\000m\000y\000f\000e\000m\000p\000y\000.\000f\000e\000l\000i\000b\000.\000f\000e\000l\000e\000m\000s\000e\000t\000\040\000m\000o\000d\000u\000l\000e}{paragraph*.19}% 86
\BOOKMARK [5][-]{subparagraph*.187}{\376\377\000m\000y\000f\000e\000m\000p\000y\000.\000f\000e\000l\000i\000b\000.\000m\000a\000t\000e\000r\000s\000e\000t\000\040\000m\000o\000d\000u\000l\000e}{paragraph*.19}% 87
\BOOKMARK [5][-]{subparagraph*.191}{\376\377\000m\000y\000f\000e\000m\000p\000y\000.\000f\000e\000l\000i\000b\000.\000p\000h\000y\000s\000i\000c\000s\000e\000t\000\040\000m\000o\000d\000u\000l\000e}{paragraph*.19}% 88
\BOOKMARK [5][-]{subparagraph*.194}{\376\377\000m\000y\000f\000e\000m\000p\000y\000.\000f\000e\000l\000i\000b\000.\000q\000u\000a\000d\000r\000a\000t\000u\000r\000e\000\040\000m\000o\000d\000u\000l\000e}{paragraph*.19}% 89
\BOOKMARK [5][-]{subparagraph*.197}{\376\377\000M\000o\000d\000u\000l\000e\000\040\000c\000o\000n\000t\000e\000n\000t\000s}{paragraph*.19}% 90
\BOOKMARK [5][-]{subparagraph*.198}{\376\377\000m\000y\000f\000e\000m\000p\000y\000.\000m\000e\000s\000h\000\040\000p\000a\000c\000k\000a\000g\000e}{paragraph*.19}% 91
\BOOKMARK [5][-]{subparagraph*.199}{\376\377\000S\000u\000b\000m\000o\000d\000u\000l\000e\000s}{paragraph*.19}% 92
\BOOKMARK [5][-]{subparagraph*.200}{\376\377\000m\000y\000f\000e\000m\000p\000y\000.\000m\000e\000s\000h\000.\000g\000e\000n\000m\000e\000s\000h\000\040\000m\000o\000d\000u\000l\000e}{paragraph*.19}% 93
\BOOKMARK [5][-]{subparagraph*.212}{\376\377\000m\000y\000f\000e\000m\000p\000y\000.\000m\000e\000s\000h\000.\000g\000m\000s\000h\000\040\000m\000o\000d\000u\000l\000e}{paragraph*.19}% 94
\BOOKMARK [5][-]{subparagraph*.216}{\376\377\000m\000y\000f\000e\000m\000p\000y\000.\000m\000e\000s\000h\000.\000l\000e\000g\000a\000c\000y\000\040\000m\000o\000d\000u\000l\000e}{paragraph*.19}% 95
\BOOKMARK [5][-]{subparagraph*.220}{\376\377\000M\000o\000d\000u\000l\000e\000\040\000c\000o\000n\000t\000e\000n\000t\000s}{paragraph*.19}% 96
\BOOKMARK [0][-]{section*.221}{\376\377\000P\000y\000t\000h\000o\000n\000\040\000M\000o\000d\000u\000l\000e\000\040\000I\000n\000d\000e\000x}{}% 97
